[08/Oct/2021 17:37:52 Europe/Dublin] [Info] ############################################################
[08/Oct/2021 17:37:52 Europe/Dublin] [Info] # Output Factory initiated (html5)
[08/Oct/2021 17:37:52 Europe/Dublin] [Info] # Building output for: PDF Embed
[08/Oct/2021 17:37:52 Europe/Dublin] [Info] # URL /document/edit/23349
[08/Oct/2021 17:37:52 Europe/Dublin] [Info] # User: Mike Hovan
[08/Oct/2021 17:37:52 Europe/Dublin] [Info] # Time: Fri, 08 Oct 2021 17:37:52 +0100
[08/Oct/2021 17:37:52 Europe/Dublin] [Info] # Server: prague
[08/Oct/2021 17:37:52 Europe/Dublin] [Info] ############################################################
[08/Oct/2021 17:37:52 Europe/Dublin] [Info] Group: system
[08/Oct/2021 17:37:52 Europe/Dublin] [Info] Type: html5
[08/Oct/2021 17:37:52 Europe/Dublin] [Info] Transformation: /var/www/ccms/application/lib/docbook/xsl/html5/html5-2.xsl
[08/Oct/2021 17:37:52 Europe/Dublin] [Info] File found: /var/www/ccms/application/lib/docbook/xsl/html5/html5-2.xsl
[08/Oct/2021 17:37:52 Europe/Dublin] [Info] ############################################################
[08/Oct/2021 17:37:52 Europe/Dublin] [Info] Building output for: html5
[08/Oct/2021 17:37:52 Europe/Dublin] [Info] Using stylesheet: /var/www/ccms/application/lib/docbook/xsl/html5/html5-2.xsl
[08/Oct/2021 17:37:52 Europe/Dublin] [Info] Parameters for this build: (array) []
[08/Oct/2021 17:37:52 Europe/Dublin] [Info] Environment variables for this build: (array) []
[08/Oct/2021 17:37:52 Europe/Dublin] [Info] Building output for languages: (array) ["en"]
[08/Oct/2021 17:37:52 Europe/Dublin] [Info] Building multilang: no
[08/Oct/2021 17:37:52 Europe/Dublin] [Info] Building preview: no
[08/Oct/2021 17:37:52 Europe/Dublin] [Info] ############################################################
[08/Oct/2021 17:37:53 Europe/Dublin] [Info] Using build directory: /paligo/tmp/michael/production-616073df8da3c6.40705158/23349-PDF_Embed-html5
[08/Oct/2021 17:37:53 Europe/Dublin] [Info] -- Generating source files
[08/Oct/2021 17:37:53 Europe/Dublin] [Info] -- Propagating taxonomies: false
[08/Oct/2021 17:37:53 Europe/Dublin] [Info] -- Source files have been generated
[08/Oct/2021 17:37:53 Europe/Dublin] [Info] -- Publication has no unresolved dependencies.
[08/Oct/2021 17:37:53 Europe/Dublin] [Info] -- Generating source files complete.
[08/Oct/2021 17:37:54 Europe/Dublin] [Info] Localizing: publication-23349.xml
[08/Oct/2021 17:37:54 Europe/Dublin] [Info] Language: en
[08/Oct/2021 17:37:55 Europe/Dublin] [Info] Variable sets found: 0
[08/Oct/2021 17:37:56 Europe/Dublin] [Info] Inserting image links.
[08/Oct/2021 17:37:56 Europe/Dublin] [Info] Found 0 image(s).
[08/Oct/2021 17:37:57 Europe/Dublin] [Info] Profiling parameters: (array) []
[08/Oct/2021 17:37:57 Europe/Dublin] [Info] Profiling customisation: /var/www/ccms/usr/michael/xsl/profile.xsl (not found)
[08/Oct/2021 17:37:57 Europe/Dublin] [Info] Transformation: publication-23349--en.org.xml -> publication-23349--en.xml [profile.xsl]
[08/Oct/2021 17:37:57 Europe/Dublin] [Info] Transformation: publication-23349--en.xml -> publication-23349--en.xml [internal-xref.xsl]
[08/Oct/2021 17:37:57 Europe/Dublin] [Info] Transformation: A-filelist.xml -> B-sorted.xml [IO.document.sortlang.xsl]
[08/Oct/2021 17:37:57 Europe/Dublin] [Info] Transformation: B-sorted.xml -> C-concatenated.xml [IO.document.concat.xsl]
[08/Oct/2021 17:37:57 Europe/Dublin] [Info] Transformation: B-sorted.xml -> index-en.xml [IO.document.head.xsl]
[08-Oct-2021 17:37:58 Europe/Dublin] Parsing manifest file: css/*, css/image/*, css/image/callouts/*, js/*, js/jquery-3/*, fonts/*
[08-Oct-2021 17:37:58 Europe/Dublin] Filename: css/*
[08-Oct-2021 17:37:58 Europe/Dublin] Source directory: /var/www/ccms/application/lib/docbook/xsl/html5
[08-Oct-2021 17:37:58 Europe/Dublin] Target directory: /paligo/tmp/michael/production-616073df8da3c6.40705158/23349-PDF_Embed-html5/out
[08-Oct-2021 17:37:58 Europe/Dublin] Copy file 'bootstrap-3.0.2.min.css'
[08-Oct-2021 17:37:58 Europe/Dublin] Copy file 'bootstrap-theme-3.0.2.min.css'
[08-Oct-2021 17:37:58 Europe/Dublin] Copy file 'bootstrap-theme.min.css'
[08-Oct-2021 17:37:58 Europe/Dublin] Copy file 'bootstrap-theme.min.css.map'
[08-Oct-2021 17:37:58 Europe/Dublin] Copy file 'bootstrap.min.css'
[08-Oct-2021 17:37:58 Europe/Dublin] Copy file 'bootstrap.min.css.map'
[08-Oct-2021 17:37:58 Europe/Dublin] Copy file 'content-theme1.css'
[08-Oct-2021 17:37:58 Europe/Dublin] Copy file 'content-theme2.css'
[08-Oct-2021 17:37:58 Europe/Dublin] Copy file 'docbook.css'
[08-Oct-2021 17:37:58 Europe/Dublin] Copy file 'font-awesome.css'
[08-Oct-2021 17:37:58 Europe/Dublin] Copy file 'graphical-lists.css'
[08-Oct-2021 17:37:58 Europe/Dublin] Copy file 'html5.algoliasearch.css'
[08-Oct-2021 17:37:58 Europe/Dublin] Copy file 'html5.algoliasearchpage.css'
[08-Oct-2021 17:37:58 Europe/Dublin] Copy file 'mathml.css'
[08-Oct-2021 17:37:58 Europe/Dublin] Copy file 'roboto.font.css'
[08-Oct-2021 17:37:58 Europe/Dublin] Copy file 'rwd-table.min.css'
[08-Oct-2021 17:37:58 Europe/Dublin] Copy file 'sm-core-css.css'
[08-Oct-2021 17:37:58 Europe/Dublin] Copy file 'sm-simple.css'
[08-Oct-2021 17:37:58 Europe/Dublin] Copy file 'style-api-responsive.css'
[08-Oct-2021 17:37:58 Europe/Dublin] Copy file 'style-api.css'
[08-Oct-2021 17:37:58 Europe/Dublin] Copy file 'style-common.css'
[08-Oct-2021 17:37:58 Europe/Dublin] Copy file 'style-index-page.css'
[08-Oct-2021 17:37:58 Europe/Dublin] Copy file 'style-modern-tables.css'
[08-Oct-2021 17:37:58 Europe/Dublin] Copy file 'style-print.css'
[08-Oct-2021 17:37:58 Europe/Dublin] Copy file 'style-responsive.css'
[08-Oct-2021 17:37:58 Europe/Dublin] Copy file 'style-revealjs-slides.css'
[08-Oct-2021 17:37:58 Europe/Dublin] Copy file 'style-single-page.css'
[08-Oct-2021 17:37:58 Europe/Dublin] Copy file 'style.css'
[08-Oct-2021 17:37:58 Europe/Dublin] Copy file 'theme0.css'
[08-Oct-2021 17:37:58 Europe/Dublin] Copy file 'theme1-colors.css'
[08-Oct-2021 17:37:58 Europe/Dublin] Copy file 'theme1.css'
[08-Oct-2021 17:37:58 Europe/Dublin] Copy file 'theme2-colors.css'
[08-Oct-2021 17:37:58 Europe/Dublin] Copy file 'theme2.css'
[08-Oct-2021 17:37:58 Europe/Dublin] Copy file 'theme3-colors.css'
[08-Oct-2021 17:37:58 Europe/Dublin] Copy file 'theme3.css'
[08-Oct-2021 17:37:58 Europe/Dublin] Copy file 'theme3b-colors.css'
[08-Oct-2021 17:37:58 Europe/Dublin] Copy file 'theme3b.css'
[08-Oct-2021 17:37:58 Europe/Dublin] Filename: css/image/*
[08-Oct-2021 17:37:58 Europe/Dublin] Source directory: /var/www/ccms/application/lib/docbook/xsl/html5
[08-Oct-2021 17:37:58 Europe/Dublin] Target directory: /paligo/tmp/michael/production-616073df8da3c6.40705158/23349-PDF_Embed-html5/out
[08-Oct-2021 17:37:58 Europe/Dublin] Copy file 'breadcrumb-seperator.png'
[08-Oct-2021 17:37:58 Europe/Dublin] Copy file 'caution.png'
[08-Oct-2021 17:37:58 Europe/Dublin] Copy file 'corporate-logo-blue-inverted.svg'
[08-Oct-2021 17:37:58 Europe/Dublin] Copy file 'corporate-logo-blue.svg'
[08-Oct-2021 17:37:58 Europe/Dublin] Copy file 'corporate-logo-white.png'
[08-Oct-2021 17:37:58 Europe/Dublin] Copy file 'corporate-logo-white.svg'
[08-Oct-2021 17:37:58 Europe/Dublin] Copy file 'corporate-logo.png'
[08-Oct-2021 17:37:58 Europe/Dublin] Copy file 'corporate-logo.svg'
[08-Oct-2021 17:37:58 Europe/Dublin] Copy file 'important.png'
[08-Oct-2021 17:37:58 Europe/Dublin] Copy file 'note.png'
[08-Oct-2021 17:37:58 Europe/Dublin] Copy file 'portal1-bg.jpg'
[08-Oct-2021 17:37:58 Europe/Dublin] Copy file 'portal2a-bg.jpg'
[08-Oct-2021 17:37:58 Europe/Dublin] Copy file 'portal2b-bg.jpg'
[08-Oct-2021 17:37:58 Europe/Dublin] Copy file 'portal2c-bg.jpg'
[08-Oct-2021 17:37:58 Europe/Dublin] Copy file 'subheader-bg.png'
[08-Oct-2021 17:37:58 Europe/Dublin] Copy file 'warning.png'
[08-Oct-2021 17:37:58 Europe/Dublin] Filename: css/image/callouts/*
[08-Oct-2021 17:37:58 Europe/Dublin] Source directory: /var/www/ccms/application/lib/docbook/xsl/html5
[08-Oct-2021 17:37:58 Europe/Dublin] Target directory: /paligo/tmp/michael/production-616073df8da3c6.40705158/23349-PDF_Embed-html5/out
[08-Oct-2021 17:37:58 Europe/Dublin] Copy file '1.gif'
[08-Oct-2021 17:37:58 Europe/Dublin] Copy file '1.png'
[08-Oct-2021 17:37:58 Europe/Dublin] Copy file '1.svg'
[08-Oct-2021 17:37:58 Europe/Dublin] Copy file '10.gif'
[08-Oct-2021 17:37:58 Europe/Dublin] Copy file '10.png'
[08-Oct-2021 17:37:58 Europe/Dublin] Copy file '10.svg'
[08-Oct-2021 17:37:58 Europe/Dublin] Copy file '11.gif'
[08-Oct-2021 17:37:58 Europe/Dublin] Copy file '11.png'
[08-Oct-2021 17:37:58 Europe/Dublin] Copy file '11.svg'
[08-Oct-2021 17:37:58 Europe/Dublin] Copy file '12.gif'
[08-Oct-2021 17:37:58 Europe/Dublin] Copy file '12.png'
[08-Oct-2021 17:37:58 Europe/Dublin] Copy file '12.svg'
[08-Oct-2021 17:37:58 Europe/Dublin] Copy file '13.gif'
[08-Oct-2021 17:37:58 Europe/Dublin] Copy file '13.png'
[08-Oct-2021 17:37:58 Europe/Dublin] Copy file '13.svg'
[08-Oct-2021 17:37:58 Europe/Dublin] Copy file '14.gif'
[08-Oct-2021 17:37:58 Europe/Dublin] Copy file '14.png'
[08-Oct-2021 17:37:58 Europe/Dublin] Copy file '14.svg'
[08-Oct-2021 17:37:58 Europe/Dublin] Copy file '15.gif'
[08-Oct-2021 17:37:58 Europe/Dublin] Copy file '15.png'
[08-Oct-2021 17:37:58 Europe/Dublin] Copy file '15.svg'
[08-Oct-2021 17:37:58 Europe/Dublin] Copy file '16.svg'
[08-Oct-2021 17:37:58 Europe/Dublin] Copy file '17.svg'
[08-Oct-2021 17:37:58 Europe/Dublin] Copy file '18.svg'
[08-Oct-2021 17:37:58 Europe/Dublin] Copy file '19.svg'
[08-Oct-2021 17:37:58 Europe/Dublin] Copy file '2.gif'
[08-Oct-2021 17:37:58 Europe/Dublin] Copy file '2.png'
[08-Oct-2021 17:37:58 Europe/Dublin] Copy file '2.svg'
[08-Oct-2021 17:37:58 Europe/Dublin] Copy file '20.svg'
[08-Oct-2021 17:37:58 Europe/Dublin] Copy file '21.svg'
[08-Oct-2021 17:37:58 Europe/Dublin] Copy file '22.svg'
[08-Oct-2021 17:37:58 Europe/Dublin] Copy file '23.svg'
[08-Oct-2021 17:37:58 Europe/Dublin] Copy file '24.svg'
[08-Oct-2021 17:37:58 Europe/Dublin] Copy file '25.svg'
[08-Oct-2021 17:37:58 Europe/Dublin] Copy file '26.svg'
[08-Oct-2021 17:37:58 Europe/Dublin] Copy file '27.svg'
[08-Oct-2021 17:37:58 Europe/Dublin] Copy file '28.svg'
[08-Oct-2021 17:37:58 Europe/Dublin] Copy file '29.svg'
[08-Oct-2021 17:37:58 Europe/Dublin] Copy file '3.gif'
[08-Oct-2021 17:37:58 Europe/Dublin] Copy file '3.png'
[08-Oct-2021 17:37:58 Europe/Dublin] Copy file '3.svg'
[08-Oct-2021 17:37:58 Europe/Dublin] Copy file '30.svg'
[08-Oct-2021 17:37:58 Europe/Dublin] Copy file '4.gif'
[08-Oct-2021 17:37:58 Europe/Dublin] Copy file '4.png'
[08-Oct-2021 17:37:58 Europe/Dublin] Copy file '4.svg'
[08-Oct-2021 17:37:58 Europe/Dublin] Copy file '5.gif'
[08-Oct-2021 17:37:58 Europe/Dublin] Copy file '5.png'
[08-Oct-2021 17:37:58 Europe/Dublin] Copy file '5.svg'
[08-Oct-2021 17:37:58 Europe/Dublin] Copy file '6.gif'
[08-Oct-2021 17:37:58 Europe/Dublin] Copy file '6.png'
[08-Oct-2021 17:37:58 Europe/Dublin] Copy file '6.svg'
[08-Oct-2021 17:37:58 Europe/Dublin] Copy file '7.gif'
[08-Oct-2021 17:37:58 Europe/Dublin] Copy file '7.png'
[08-Oct-2021 17:37:58 Europe/Dublin] Copy file '7.svg'
[08-Oct-2021 17:37:58 Europe/Dublin] Copy file '8.gif'
[08-Oct-2021 17:37:58 Europe/Dublin] Copy file '8.png'
[08-Oct-2021 17:37:58 Europe/Dublin] Copy file '8.svg'
[08-Oct-2021 17:37:58 Europe/Dublin] Copy file '9.gif'
[08-Oct-2021 17:37:58 Europe/Dublin] Copy file '9.png'
[08-Oct-2021 17:37:58 Europe/Dublin] Copy file '9.svg'
[08-Oct-2021 17:37:58 Europe/Dublin] Filename: js/*
[08-Oct-2021 17:37:58 Europe/Dublin] Source directory: /var/www/ccms/application/lib/docbook/xsl/html5
[08-Oct-2021 17:37:58 Europe/Dublin] Target directory: /paligo/tmp/michael/production-616073df8da3c6.40705158/23349-PDF_Embed-html5/out
[08-Oct-2021 17:37:58 Europe/Dublin] Copy file 'ajax-loading.js'
[08-Oct-2021 17:37:58 Europe/Dublin] Copy file 'anchorlinks.js'
[08-Oct-2021 17:37:58 Europe/Dublin] Copy file 'bootstrap.min.js'
[08-Oct-2021 17:37:58 Europe/Dublin] Copy file 'checklist.js'
[08-Oct-2021 17:37:58 Europe/Dublin] Copy file 'clipboard.min.js'
[08-Oct-2021 17:37:58 Europe/Dublin] Copy file 'cookie-consent.js'
[08-Oct-2021 17:37:58 Europe/Dublin] Copy file 'create-toc.js'
[08-Oct-2021 17:37:58 Europe/Dublin] Copy file 'csh.js'
[08-Oct-2021 17:37:58 Europe/Dublin] Copy file 'fuse.min.js'
[08-Oct-2021 17:37:58 Europe/Dublin] Copy file 'hilitor.js'
[08-Oct-2021 17:37:58 Europe/Dublin] Copy file 'html5-2-ajax-hp.js'
[08-Oct-2021 17:37:58 Europe/Dublin] Copy file 'html5-2-ajax.js'
[08-Oct-2021 17:37:58 Europe/Dublin] Copy file 'html5-2-mp-common.js'
[08-Oct-2021 17:37:58 Europe/Dublin] Copy file 'html5-2-portal.js'
[08-Oct-2021 17:37:58 Europe/Dublin] Copy file 'html5-2.js'
[08-Oct-2021 17:37:58 Europe/Dublin] Copy file 'html5.algoliasearch.js'
[08-Oct-2021 17:37:58 Europe/Dublin] Copy file 'html5.algoliasearchpage.js'
[08-Oct-2021 17:37:58 Europe/Dublin] Copy file 'html5.fuse.search.js'
[08-Oct-2021 17:37:58 Europe/Dublin] Copy file 'jquery-1.10.2.min.js'
[08-Oct-2021 17:37:58 Europe/Dublin] Copy file 'jquery-1.10.2.min.map'
[08-Oct-2021 17:37:58 Europe/Dublin] Copy file 'jquery-migrate-3.0.1.min.js'
[08-Oct-2021 17:37:58 Europe/Dublin] Copy file 'jquery-ui-1.10.3.custom.min.js'
[08-Oct-2021 17:37:58 Europe/Dublin] Copy file 'jquery.event.move.js'
[08-Oct-2021 17:37:58 Europe/Dublin] Copy file 'jquery.event.swipe.js'
[08-Oct-2021 17:37:58 Europe/Dublin] Copy file 'jquery.mark.min.js'
[08-Oct-2021 17:37:58 Europe/Dublin] Copy file 'jquery.paligocode.js'
[08-Oct-2021 17:37:58 Europe/Dublin] Copy file 'jquery.smartmenus.js'
[08-Oct-2021 17:37:58 Europe/Dublin] Copy file 'jquery.sticky.js'
[08-Oct-2021 17:37:58 Europe/Dublin] Copy file 'lunr-single-lang.js'
[08-Oct-2021 17:37:58 Europe/Dublin] Copy file 'lunr.js'
[08-Oct-2021 17:37:58 Europe/Dublin] Copy file 'materialize.min.js'
[08-Oct-2021 17:37:58 Europe/Dublin] Copy file 'mspace.js'
[08-Oct-2021 17:37:58 Europe/Dublin] Copy file 'purl.js'
[08-Oct-2021 17:37:58 Europe/Dublin] Copy file 'respond.min.js'
[08-Oct-2021 17:37:58 Europe/Dublin] Copy file 'responsive-tables.js'
[08-Oct-2021 17:37:58 Europe/Dublin] Copy file 'rwd-table.min.js'
[08-Oct-2021 17:37:58 Europe/Dublin] Copy file 'script-api.js'
[08-Oct-2021 17:37:58 Europe/Dublin] Copy file 'script-revealjs-slides.js'
[08-Oct-2021 17:37:58 Europe/Dublin] Copy file 'script.js'
[08-Oct-2021 17:37:58 Europe/Dublin] Copy file 'search.js'
[08-Oct-2021 17:37:58 Europe/Dublin] Copy file 'updateurl.js'
[08-Oct-2021 17:37:58 Europe/Dublin] Filename: js/jquery-3/*
[08-Oct-2021 17:37:58 Europe/Dublin] Source directory: /var/www/ccms/application/lib/docbook/xsl/html5
[08-Oct-2021 17:37:58 Europe/Dublin] Target directory: /paligo/tmp/michael/production-616073df8da3c6.40705158/23349-PDF_Embed-html5/out
[08-Oct-2021 17:37:58 Europe/Dublin] Copy file 'jquery-3.4.1.min.js'
[08-Oct-2021 17:37:58 Europe/Dublin] Copy file 'jquery-3.5.1.min.js'
[08-Oct-2021 17:37:58 Europe/Dublin] Copy file 'jquery-3.6.0.min.js'
[08-Oct-2021 17:37:58 Europe/Dublin] Filename: fonts/*
[08-Oct-2021 17:37:58 Europe/Dublin] Source directory: /var/www/ccms/application/lib/docbook/xsl/html5
[08-Oct-2021 17:37:58 Europe/Dublin] Target directory: /paligo/tmp/michael/production-616073df8da3c6.40705158/23349-PDF_Embed-html5/out
[08-Oct-2021 17:37:58 Europe/Dublin] Copy file 'FontAwesome.otf'
[08-Oct-2021 17:37:58 Europe/Dublin] Copy file 'fontawesome-webfont.eot'
[08-Oct-2021 17:37:58 Europe/Dublin] Copy file 'fontawesome-webfont.svg'
[08-Oct-2021 17:37:58 Europe/Dublin] Copy file 'fontawesome-webfont.ttf'
[08-Oct-2021 17:37:58 Europe/Dublin] Copy file 'fontawesome-webfont.woff'
[08-Oct-2021 17:37:58 Europe/Dublin] Copy file 'fontawesome-webfont.woff2'
[08-Oct-2021 17:37:58 Europe/Dublin] Copy file 'glyphicons-halflings-regular.eot'
[08-Oct-2021 17:37:58 Europe/Dublin] Copy file 'glyphicons-halflings-regular.svg'
[08-Oct-2021 17:37:58 Europe/Dublin] Copy file 'glyphicons-halflings-regular.ttf'
[08-Oct-2021 17:37:58 Europe/Dublin] Copy file 'glyphicons-halflings-regular.woff'
[08-Oct-2021 17:37:58 Europe/Dublin] Copy file 'glyphicons-halflings-regular.woff2'
[08-Oct-2021 17:37:58 Europe/Dublin] Copy file 'roboto-v20-vietnamese_latin-ext_latin_greek-ext_greek_cyrillic-ext_cyrillic-300.eot'
[08-Oct-2021 17:37:58 Europe/Dublin] Copy file 'roboto-v20-vietnamese_latin-ext_latin_greek-ext_greek_cyrillic-ext_cyrillic-300.svg'
[08-Oct-2021 17:37:58 Europe/Dublin] Copy file 'roboto-v20-vietnamese_latin-ext_latin_greek-ext_greek_cyrillic-ext_cyrillic-300.ttf'
[08-Oct-2021 17:37:58 Europe/Dublin] Copy file 'roboto-v20-vietnamese_latin-ext_latin_greek-ext_greek_cyrillic-ext_cyrillic-300.woff'
[08-Oct-2021 17:37:58 Europe/Dublin] Copy file 'roboto-v20-vietnamese_latin-ext_latin_greek-ext_greek_cyrillic-ext_cyrillic-300.woff2'
[08-Oct-2021 17:37:58 Europe/Dublin] Copy file 'roboto-v20-vietnamese_latin-ext_latin_greek-ext_greek_cyrillic-ext_cyrillic-700.eot'
[08-Oct-2021 17:37:58 Europe/Dublin] Copy file 'roboto-v20-vietnamese_latin-ext_latin_greek-ext_greek_cyrillic-ext_cyrillic-700.svg'
[08-Oct-2021 17:37:58 Europe/Dublin] Copy file 'roboto-v20-vietnamese_latin-ext_latin_greek-ext_greek_cyrillic-ext_cyrillic-700.ttf'
[08-Oct-2021 17:37:58 Europe/Dublin] Copy file 'roboto-v20-vietnamese_latin-ext_latin_greek-ext_greek_cyrillic-ext_cyrillic-700.woff'
[08-Oct-2021 17:37:58 Europe/Dublin] Copy file 'roboto-v20-vietnamese_latin-ext_latin_greek-ext_greek_cyrillic-ext_cyrillic-700.woff2'
[08-Oct-2021 17:37:58 Europe/Dublin] Copy file 'roboto-v20-vietnamese_latin-ext_latin_greek-ext_greek_cyrillic-ext_cyrillic-regular.eot'
[08-Oct-2021 17:37:58 Europe/Dublin] Copy file 'roboto-v20-vietnamese_latin-ext_latin_greek-ext_greek_cyrillic-ext_cyrillic-regular.svg'
[08-Oct-2021 17:37:58 Europe/Dublin] Copy file 'roboto-v20-vietnamese_latin-ext_latin_greek-ext_greek_cyrillic-ext_cyrillic-regular.ttf'
[08-Oct-2021 17:37:58 Europe/Dublin] Copy file 'roboto-v20-vietnamese_latin-ext_latin_greek-ext_greek_cyrillic-ext_cyrillic-regular.woff'
[08-Oct-2021 17:37:58 Europe/Dublin] Copy file 'roboto-v20-vietnamese_latin-ext_latin_greek-ext_greek_cyrillic-ext_cyrillic-regular.woff2'
[08-Oct-2021 17:37:58 Europe/Dublin] Parsing manifest file: css/*, css/image/*, css/image/callouts/*, js/*, fonts/*
[08-Oct-2021 17:37:58 Europe/Dublin] Filename: css/*
[08-Oct-2021 17:37:58 Europe/Dublin] Source directory: /var/www/ccms/application/lib/docbook/xsl/html5
[08-Oct-2021 17:37:58 Europe/Dublin] Target directory: /paligo/tmp/michael/production-616073df8da3c6.40705158/23349-PDF_Embed-html5/out
[08-Oct-2021 17:37:58 Europe/Dublin] Copy file 'bootstrap-3.0.2.min.css'
[08-Oct-2021 17:37:58 Europe/Dublin] Copy file 'bootstrap-theme-3.0.2.min.css'
[08-Oct-2021 17:37:58 Europe/Dublin] Copy file 'bootstrap-theme.min.css'
[08-Oct-2021 17:37:58 Europe/Dublin] Copy file 'bootstrap-theme.min.css.map'
[08-Oct-2021 17:37:58 Europe/Dublin] Copy file 'bootstrap.min.css'
[08-Oct-2021 17:37:58 Europe/Dublin] Copy file 'bootstrap.min.css.map'
[08-Oct-2021 17:37:58 Europe/Dublin] Copy file 'content-theme1.css'
[08-Oct-2021 17:37:58 Europe/Dublin] Copy file 'content-theme2.css'
[08-Oct-2021 17:37:58 Europe/Dublin] Copy file 'docbook.css'
[08-Oct-2021 17:37:58 Europe/Dublin] Copy file 'font-awesome.css'
[08-Oct-2021 17:37:58 Europe/Dublin] Copy file 'graphical-lists.css'
[08-Oct-2021 17:37:58 Europe/Dublin] Copy file 'html5.algoliasearch.css'
[08-Oct-2021 17:37:58 Europe/Dublin] Copy file 'html5.algoliasearchpage.css'
[08-Oct-2021 17:37:58 Europe/Dublin] Copy file 'mathml.css'
[08-Oct-2021 17:37:58 Europe/Dublin] Copy file 'roboto.font.css'
[08-Oct-2021 17:37:58 Europe/Dublin] Copy file 'rwd-table.min.css'
[08-Oct-2021 17:37:58 Europe/Dublin] Copy file 'sm-core-css.css'
[08-Oct-2021 17:37:58 Europe/Dublin] Copy file 'sm-simple.css'
[08-Oct-2021 17:37:58 Europe/Dublin] Copy file 'style-api-responsive.css'
[08-Oct-2021 17:37:58 Europe/Dublin] Copy file 'style-api.css'
[08-Oct-2021 17:37:58 Europe/Dublin] Copy file 'style-common.css'
[08-Oct-2021 17:37:58 Europe/Dublin] Copy file 'style-index-page.css'
[08-Oct-2021 17:37:58 Europe/Dublin] Copy file 'style-modern-tables.css'
[08-Oct-2021 17:37:58 Europe/Dublin] Copy file 'style-print.css'
[08-Oct-2021 17:37:58 Europe/Dublin] Copy file 'style-responsive.css'
[08-Oct-2021 17:37:58 Europe/Dublin] Copy file 'style-revealjs-slides.css'
[08-Oct-2021 17:37:58 Europe/Dublin] Copy file 'style-single-page.css'
[08-Oct-2021 17:37:58 Europe/Dublin] Copy file 'style.css'
[08-Oct-2021 17:37:58 Europe/Dublin] Copy file 'theme0.css'
[08-Oct-2021 17:37:58 Europe/Dublin] Copy file 'theme1-colors.css'
[08-Oct-2021 17:37:58 Europe/Dublin] Copy file 'theme1.css'
[08-Oct-2021 17:37:58 Europe/Dublin] Copy file 'theme2-colors.css'
[08-Oct-2021 17:37:58 Europe/Dublin] Copy file 'theme2.css'
[08-Oct-2021 17:37:58 Europe/Dublin] Copy file 'theme3-colors.css'
[08-Oct-2021 17:37:58 Europe/Dublin] Copy file 'theme3.css'
[08-Oct-2021 17:37:58 Europe/Dublin] Copy file 'theme3b-colors.css'
[08-Oct-2021 17:37:58 Europe/Dublin] Copy file 'theme3b.css'
[08-Oct-2021 17:37:58 Europe/Dublin] Filename: css/image/*
[08-Oct-2021 17:37:58 Europe/Dublin] Source directory: /var/www/ccms/application/lib/docbook/xsl/html5
[08-Oct-2021 17:37:58 Europe/Dublin] Target directory: /paligo/tmp/michael/production-616073df8da3c6.40705158/23349-PDF_Embed-html5/out
[08-Oct-2021 17:37:58 Europe/Dublin] Copy file 'breadcrumb-seperator.png'
[08-Oct-2021 17:37:58 Europe/Dublin] Copy file 'caution.png'
[08-Oct-2021 17:37:58 Europe/Dublin] Copy file 'corporate-logo-blue-inverted.svg'
[08-Oct-2021 17:37:58 Europe/Dublin] Copy file 'corporate-logo-blue.svg'
[08-Oct-2021 17:37:58 Europe/Dublin] Copy file 'corporate-logo-white.png'
[08-Oct-2021 17:37:58 Europe/Dublin] Copy file 'corporate-logo-white.svg'
[08-Oct-2021 17:37:58 Europe/Dublin] Copy file 'corporate-logo.png'
[08-Oct-2021 17:37:58 Europe/Dublin] Copy file 'corporate-logo.svg'
[08-Oct-2021 17:37:58 Europe/Dublin] Copy file 'important.png'
[08-Oct-2021 17:37:58 Europe/Dublin] Copy file 'note.png'
[08-Oct-2021 17:37:58 Europe/Dublin] Copy file 'portal1-bg.jpg'
[08-Oct-2021 17:37:58 Europe/Dublin] Copy file 'portal2a-bg.jpg'
[08-Oct-2021 17:37:58 Europe/Dublin] Copy file 'portal2b-bg.jpg'
[08-Oct-2021 17:37:58 Europe/Dublin] Copy file 'portal2c-bg.jpg'
[08-Oct-2021 17:37:58 Europe/Dublin] Copy file 'subheader-bg.png'
[08-Oct-2021 17:37:58 Europe/Dublin] Copy file 'warning.png'
[08-Oct-2021 17:37:58 Europe/Dublin] Filename: css/image/callouts/*
[08-Oct-2021 17:37:58 Europe/Dublin] Source directory: /var/www/ccms/application/lib/docbook/xsl/html5
[08-Oct-2021 17:37:58 Europe/Dublin] Target directory: /paligo/tmp/michael/production-616073df8da3c6.40705158/23349-PDF_Embed-html5/out
[08-Oct-2021 17:37:58 Europe/Dublin] Copy file '1.gif'
[08-Oct-2021 17:37:58 Europe/Dublin] Copy file '1.png'
[08-Oct-2021 17:37:58 Europe/Dublin] Copy file '1.svg'
[08-Oct-2021 17:37:58 Europe/Dublin] Copy file '10.gif'
[08-Oct-2021 17:37:58 Europe/Dublin] Copy file '10.png'
[08-Oct-2021 17:37:58 Europe/Dublin] Copy file '10.svg'
[08-Oct-2021 17:37:58 Europe/Dublin] Copy file '11.gif'
[08-Oct-2021 17:37:58 Europe/Dublin] Copy file '11.png'
[08-Oct-2021 17:37:58 Europe/Dublin] Copy file '11.svg'
[08-Oct-2021 17:37:58 Europe/Dublin] Copy file '12.gif'
[08-Oct-2021 17:37:58 Europe/Dublin] Copy file '12.png'
[08-Oct-2021 17:37:58 Europe/Dublin] Copy file '12.svg'
[08-Oct-2021 17:37:58 Europe/Dublin] Copy file '13.gif'
[08-Oct-2021 17:37:58 Europe/Dublin] Copy file '13.png'
[08-Oct-2021 17:37:58 Europe/Dublin] Copy file '13.svg'
[08-Oct-2021 17:37:58 Europe/Dublin] Copy file '14.gif'
[08-Oct-2021 17:37:58 Europe/Dublin] Copy file '14.png'
[08-Oct-2021 17:37:58 Europe/Dublin] Copy file '14.svg'
[08-Oct-2021 17:37:58 Europe/Dublin] Copy file '15.gif'
[08-Oct-2021 17:37:58 Europe/Dublin] Copy file '15.png'
[08-Oct-2021 17:37:58 Europe/Dublin] Copy file '15.svg'
[08-Oct-2021 17:37:58 Europe/Dublin] Copy file '16.svg'
[08-Oct-2021 17:37:58 Europe/Dublin] Copy file '17.svg'
[08-Oct-2021 17:37:58 Europe/Dublin] Copy file '18.svg'
[08-Oct-2021 17:37:58 Europe/Dublin] Copy file '19.svg'
[08-Oct-2021 17:37:58 Europe/Dublin] Copy file '2.gif'
[08-Oct-2021 17:37:58 Europe/Dublin] Copy file '2.png'
[08-Oct-2021 17:37:58 Europe/Dublin] Copy file '2.svg'
[08-Oct-2021 17:37:58 Europe/Dublin] Copy file '20.svg'
[08-Oct-2021 17:37:58 Europe/Dublin] Copy file '21.svg'
[08-Oct-2021 17:37:58 Europe/Dublin] Copy file '22.svg'
[08-Oct-2021 17:37:58 Europe/Dublin] Copy file '23.svg'
[08-Oct-2021 17:37:58 Europe/Dublin] Copy file '24.svg'
[08-Oct-2021 17:37:58 Europe/Dublin] Copy file '25.svg'
[08-Oct-2021 17:37:58 Europe/Dublin] Copy file '26.svg'
[08-Oct-2021 17:37:58 Europe/Dublin] Copy file '27.svg'
[08-Oct-2021 17:37:58 Europe/Dublin] Copy file '28.svg'
[08-Oct-2021 17:37:58 Europe/Dublin] Copy file '29.svg'
[08-Oct-2021 17:37:58 Europe/Dublin] Copy file '3.gif'
[08-Oct-2021 17:37:58 Europe/Dublin] Copy file '3.png'
[08-Oct-2021 17:37:58 Europe/Dublin] Copy file '3.svg'
[08-Oct-2021 17:37:58 Europe/Dublin] Copy file '30.svg'
[08-Oct-2021 17:37:58 Europe/Dublin] Copy file '4.gif'
[08-Oct-2021 17:37:58 Europe/Dublin] Copy file '4.png'
[08-Oct-2021 17:37:58 Europe/Dublin] Copy file '4.svg'
[08-Oct-2021 17:37:58 Europe/Dublin] Copy file '5.gif'
[08-Oct-2021 17:37:58 Europe/Dublin] Copy file '5.png'
[08-Oct-2021 17:37:58 Europe/Dublin] Copy file '5.svg'
[08-Oct-2021 17:37:58 Europe/Dublin] Copy file '6.gif'
[08-Oct-2021 17:37:58 Europe/Dublin] Copy file '6.png'
[08-Oct-2021 17:37:58 Europe/Dublin] Copy file '6.svg'
[08-Oct-2021 17:37:58 Europe/Dublin] Copy file '7.gif'
[08-Oct-2021 17:37:58 Europe/Dublin] Copy file '7.png'
[08-Oct-2021 17:37:58 Europe/Dublin] Copy file '7.svg'
[08-Oct-2021 17:37:58 Europe/Dublin] Copy file '8.gif'
[08-Oct-2021 17:37:58 Europe/Dublin] Copy file '8.png'
[08-Oct-2021 17:37:58 Europe/Dublin] Copy file '8.svg'
[08-Oct-2021 17:37:58 Europe/Dublin] Copy file '9.gif'
[08-Oct-2021 17:37:58 Europe/Dublin] Copy file '9.png'
[08-Oct-2021 17:37:58 Europe/Dublin] Copy file '9.svg'
[08-Oct-2021 17:37:58 Europe/Dublin] Filename: js/*
[08-Oct-2021 17:37:58 Europe/Dublin] Source directory: /var/www/ccms/application/lib/docbook/xsl/html5
[08-Oct-2021 17:37:58 Europe/Dublin] Target directory: /paligo/tmp/michael/production-616073df8da3c6.40705158/23349-PDF_Embed-html5/out
[08-Oct-2021 17:37:58 Europe/Dublin] Copy file 'ajax-loading.js'
[08-Oct-2021 17:37:58 Europe/Dublin] Copy file 'anchorlinks.js'
[08-Oct-2021 17:37:58 Europe/Dublin] Copy file 'bootstrap.min.js'
[08-Oct-2021 17:37:58 Europe/Dublin] Copy file 'checklist.js'
[08-Oct-2021 17:37:58 Europe/Dublin] Copy file 'clipboard.min.js'
[08-Oct-2021 17:37:58 Europe/Dublin] Copy file 'cookie-consent.js'
[08-Oct-2021 17:37:58 Europe/Dublin] Copy file 'create-toc.js'
[08-Oct-2021 17:37:58 Europe/Dublin] Copy file 'csh.js'
[08-Oct-2021 17:37:58 Europe/Dublin] Copy file 'fuse.min.js'
[08-Oct-2021 17:37:58 Europe/Dublin] Copy file 'hilitor.js'
[08-Oct-2021 17:37:58 Europe/Dublin] Copy file 'html5-2-ajax-hp.js'
[08-Oct-2021 17:37:58 Europe/Dublin] Copy file 'html5-2-ajax.js'
[08-Oct-2021 17:37:58 Europe/Dublin] Copy file 'html5-2-mp-common.js'
[08-Oct-2021 17:37:58 Europe/Dublin] Copy file 'html5-2-portal.js'
[08-Oct-2021 17:37:58 Europe/Dublin] Copy file 'html5-2.js'
[08-Oct-2021 17:37:58 Europe/Dublin] Copy file 'html5.algoliasearch.js'
[08-Oct-2021 17:37:58 Europe/Dublin] Copy file 'html5.algoliasearchpage.js'
[08-Oct-2021 17:37:58 Europe/Dublin] Copy file 'html5.fuse.search.js'
[08-Oct-2021 17:37:58 Europe/Dublin] Copy file 'jquery-1.10.2.min.js'
[08-Oct-2021 17:37:58 Europe/Dublin] Copy file 'jquery-1.10.2.min.map'
[08-Oct-2021 17:37:58 Europe/Dublin] Copy file 'jquery-migrate-3.0.1.min.js'
[08-Oct-2021 17:37:58 Europe/Dublin] Copy file 'jquery-ui-1.10.3.custom.min.js'
[08-Oct-2021 17:37:58 Europe/Dublin] Copy file 'jquery.event.move.js'
[08-Oct-2021 17:37:58 Europe/Dublin] Copy file 'jquery.event.swipe.js'
[08-Oct-2021 17:37:58 Europe/Dublin] Copy file 'jquery.mark.min.js'
[08-Oct-2021 17:37:58 Europe/Dublin] Copy file 'jquery.paligocode.js'
[08-Oct-2021 17:37:58 Europe/Dublin] Copy file 'jquery.smartmenus.js'
[08-Oct-2021 17:37:58 Europe/Dublin] Copy file 'jquery.sticky.js'
[08-Oct-2021 17:37:58 Europe/Dublin] Copy file 'lunr-single-lang.js'
[08-Oct-2021 17:37:58 Europe/Dublin] Copy file 'lunr.js'
[08-Oct-2021 17:37:58 Europe/Dublin] Copy file 'materialize.min.js'
[08-Oct-2021 17:37:58 Europe/Dublin] Copy file 'mspace.js'
[08-Oct-2021 17:37:58 Europe/Dublin] Copy file 'purl.js'
[08-Oct-2021 17:37:58 Europe/Dublin] Copy file 'respond.min.js'
[08-Oct-2021 17:37:58 Europe/Dublin] Copy file 'responsive-tables.js'
[08-Oct-2021 17:37:58 Europe/Dublin] Copy file 'rwd-table.min.js'
[08-Oct-2021 17:37:58 Europe/Dublin] Copy file 'script-api.js'
[08-Oct-2021 17:37:58 Europe/Dublin] Copy file 'script-revealjs-slides.js'
[08-Oct-2021 17:37:58 Europe/Dublin] Copy file 'script.js'
[08-Oct-2021 17:37:58 Europe/Dublin] Copy file 'search.js'
[08-Oct-2021 17:37:58 Europe/Dublin] Copy file 'updateurl.js'
[08-Oct-2021 17:37:58 Europe/Dublin] Filename: fonts/*
[08-Oct-2021 17:37:58 Europe/Dublin] Source directory: /var/www/ccms/application/lib/docbook/xsl/html5
[08-Oct-2021 17:37:58 Europe/Dublin] Target directory: /paligo/tmp/michael/production-616073df8da3c6.40705158/23349-PDF_Embed-html5/out
[08-Oct-2021 17:37:58 Europe/Dublin] Copy file 'FontAwesome.otf'
[08-Oct-2021 17:37:58 Europe/Dublin] Copy file 'fontawesome-webfont.eot'
[08-Oct-2021 17:37:58 Europe/Dublin] Copy file 'fontawesome-webfont.svg'
[08-Oct-2021 17:37:58 Europe/Dublin] Copy file 'fontawesome-webfont.ttf'
[08-Oct-2021 17:37:58 Europe/Dublin] Copy file 'fontawesome-webfont.woff'
[08-Oct-2021 17:37:58 Europe/Dublin] Copy file 'fontawesome-webfont.woff2'
[08-Oct-2021 17:37:58 Europe/Dublin] Copy file 'glyphicons-halflings-regular.eot'
[08-Oct-2021 17:37:58 Europe/Dublin] Copy file 'glyphicons-halflings-regular.svg'
[08-Oct-2021 17:37:58 Europe/Dublin] Copy file 'glyphicons-halflings-regular.ttf'
[08-Oct-2021 17:37:58 Europe/Dublin] Copy file 'glyphicons-halflings-regular.woff'
[08-Oct-2021 17:37:58 Europe/Dublin] Copy file 'glyphicons-halflings-regular.woff2'
[08-Oct-2021 17:37:58 Europe/Dublin] Copy file 'roboto-v20-vietnamese_latin-ext_latin_greek-ext_greek_cyrillic-ext_cyrillic-300.eot'
[08-Oct-2021 17:37:58 Europe/Dublin] Copy file 'roboto-v20-vietnamese_latin-ext_latin_greek-ext_greek_cyrillic-ext_cyrillic-300.svg'
[08-Oct-2021 17:37:58 Europe/Dublin] Copy file 'roboto-v20-vietnamese_latin-ext_latin_greek-ext_greek_cyrillic-ext_cyrillic-300.ttf'
[08-Oct-2021 17:37:58 Europe/Dublin] Copy file 'roboto-v20-vietnamese_latin-ext_latin_greek-ext_greek_cyrillic-ext_cyrillic-300.woff'
[08-Oct-2021 17:37:58 Europe/Dublin] Copy file 'roboto-v20-vietnamese_latin-ext_latin_greek-ext_greek_cyrillic-ext_cyrillic-300.woff2'
[08-Oct-2021 17:37:58 Europe/Dublin] Copy file 'roboto-v20-vietnamese_latin-ext_latin_greek-ext_greek_cyrillic-ext_cyrillic-700.eot'
[08-Oct-2021 17:37:58 Europe/Dublin] Copy file 'roboto-v20-vietnamese_latin-ext_latin_greek-ext_greek_cyrillic-ext_cyrillic-700.svg'
[08-Oct-2021 17:37:58 Europe/Dublin] Copy file 'roboto-v20-vietnamese_latin-ext_latin_greek-ext_greek_cyrillic-ext_cyrillic-700.ttf'
[08-Oct-2021 17:37:58 Europe/Dublin] Copy file 'roboto-v20-vietnamese_latin-ext_latin_greek-ext_greek_cyrillic-ext_cyrillic-700.woff'
[08-Oct-2021 17:37:58 Europe/Dublin] Copy file 'roboto-v20-vietnamese_latin-ext_latin_greek-ext_greek_cyrillic-ext_cyrillic-700.woff2'
[08-Oct-2021 17:37:58 Europe/Dublin] Copy file 'roboto-v20-vietnamese_latin-ext_latin_greek-ext_greek_cyrillic-ext_cyrillic-regular.eot'
[08-Oct-2021 17:37:58 Europe/Dublin] Copy file 'roboto-v20-vietnamese_latin-ext_latin_greek-ext_greek_cyrillic-ext_cyrillic-regular.svg'
[08-Oct-2021 17:37:58 Europe/Dublin] Copy file 'roboto-v20-vietnamese_latin-ext_latin_greek-ext_greek_cyrillic-ext_cyrillic-regular.ttf'
[08-Oct-2021 17:37:58 Europe/Dublin] Copy file 'roboto-v20-vietnamese_latin-ext_latin_greek-ext_greek_cyrillic-ext_cyrillic-regular.woff'
[08-Oct-2021 17:37:58 Europe/Dublin] Copy file 'roboto-v20-vietnamese_latin-ext_latin_greek-ext_greek_cyrillic-ext_cyrillic-regular.woff2'
[08-Oct-2021 17:37:58 Europe/Dublin] Copy file '/var/www/ccms/application/lib/docbook/xsl/html5/css/image/corporate-logo-white.svg' to '/paligo/tmp/michael/production-616073df8da3c6.40705158/23349-PDF_Embed-html5/out/css/image/corporate-logo.svg'
[08-Oct-2021 17:37:58 Europe/Dublin] Copy file '/var/www/ccms/application/lib/docbook/xsl/html5/css/image/corporate-logo-white.svg' to '/paligo/tmp/michael/production-616073df8da3c6.40705158/23349-PDF_Embed-html5/out/css/image/portal-logo.svg'
[08-Oct-2021 17:37:59 Europe/Dublin] Post build HTML5
[08/Oct/2021 17:37:59 Europe/Dublin] [Info] Transformation: index-en.html -> toc-en.html [html5.toc.xsl]
[08/Oct/2021 17:37:59 Europe/Dublin] [Info] Transformation: pdf-embed.html -> pdf-embed.html [html5-2.page.xsl]
[08/Oct/2021 17:37:59 Europe/Dublin] [Info] Transformation: index-en.html -> index-en.html [html5-2.page.xsl]
[08/Oct/2021 17:38:00 Europe/Dublin] [Info] Generating index page.
[08/Oct/2021 17:38:00 Europe/Dublin] [Info] Transformation: index.manifest -> index.html [html5-2.index.xsl]
[08/Oct/2021 17:38:00 Europe/Dublin] [Info] # Took 7.916387 seconds to render.
